<?xml version="1.0" encoding="UTF-8"?>
<testng-results ignored="0" total="1" passed="1" failed="0" skipped="0">
  <reporter-output>
  </reporter-output>
  <suite started-at="2024-02-23T12:33:50 IST" name="Default suite" finished-at="2024-02-23T12:37:50 IST" duration-ms="240061">
    <groups>
    </groups>
    <test started-at="2024-02-23T12:33:50 IST" name="Default test" finished-at="2024-02-23T12:37:50 IST" duration-ms="240061">
      <class name="appiumTest.KetoTest">
        <test-method is-config="true" signature="popUp()[pri:0, instance:appiumTest.KetoTest@74e52303]" started-at="2024-02-23T12:33:50 IST" name="popUp" finished-at="2024-02-23T12:34:06 IST" duration-ms="15836" status="PASS">
          <reporter-output>
          </reporter-output>
        </test-method> <!-- popUp -->
        <test-method signature="ketoMenTest()[pri:0, instance:appiumTest.KetoTest@74e52303]" started-at="2024-02-23T12:34:06 IST" name="ketoMenTest" finished-at="2024-02-23T12:37:50 IST" duration-ms="224174" status="PASS">
          <reporter-output>
          </reporter-output>
        </test-method> <!-- ketoMenTest -->
      </class> <!-- appiumTest.KetoTest -->
    </test> <!-- Default test -->
  </suite> <!-- Default suite -->
</testng-results>
