<?xml version="1.0" encoding="UTF-8"?>
<testng-results ignored="1" total="2" passed="1" failed="0" skipped="0">
  <reporter-output>
  </reporter-output>
  <suite started-at="2024-02-29T15:24:55 IST" name="Default suite" finished-at="2024-02-29T15:27:05 IST" duration-ms="130359">
    <groups>
    </groups>
    <test started-at="2024-02-29T15:24:55 IST" name="Default test" finished-at="2024-02-29T15:27:05 IST" duration-ms="130359">
      <class name="appiumTest.KetoTest">
        <test-method is-config="true" signature="popUp()[pri:0, instance:appiumTest.KetoTest@47af7f3d]" started-at="2024-02-29T15:24:55 IST" name="popUp" finished-at="2024-02-29T15:25:12 IST" duration-ms="16899" status="PASS">
          <reporter-output>
          </reporter-output>
        </test-method> <!-- popUp -->
        <test-method signature="MenNonVegTest()[pri:0, instance:appiumTest.KetoTest@47af7f3d]" started-at="2024-02-29T15:25:12 IST" name="MenNonVegTest" finished-at="2024-02-29T15:27:05 IST" duration-ms="113395" status="PASS">
          <reporter-output>
          </reporter-output>
        </test-method> <!-- MenNonVegTest -->
      </class> <!-- appiumTest.KetoTest -->
    </test> <!-- Default test -->
  </suite> <!-- Default suite -->
</testng-results>
